cbm_hbi_hbi                                       23-Apr-2024 12:56:59
Running hierarchical bayesian inference (HBI)...

HBI has been initialized according to
	cbm_lap_output/lap_fourB_oneQ [for model 1]
	cbm_lap_output/lap_fourB_oneQ_CF [for model 2]
	cbm_lap_output/lap_fourB_oneQ_noCF [for model 3]
 
Number of samples: 50
Number of models: 3
======================================================================
Iteration 01
Iteration 02
	model frequencies (percent)
	model 1: 52.3| model 2: 38.8| model 3: 8.8| 
                                                           dL:   83.51
                                                           dm:  249.68
                                                           dx:    0.47
Iteration 03
	model frequencies (percent)
	model 1: 57.8| model 2: 35.9| model 3: 6.3| 
                                                           dL:   11.35
                                                           dm:    5.50
                                                           dx:    0.46
Iteration 04
	model frequencies (percent)
	model 1: 60.5| model 2: 32.9| model 3: 6.5| 
                                                           dL:    3.25
                                                           dm:    2.72
                                                           dx:    0.21
Iteration 05
	model frequencies (percent)
	model 1: 62.7| model 2: 30.4| model 3: 7.0| 
                                                           dL:    1.22
                                                           dm:    2.11
                                                           dx:    0.11
Iteration 06
	model frequencies (percent)
	model 1: 64.6| model 2: 28.1| model 3: 7.3| 
                                                           dL:    0.50
                                                           dm:    1.94
                                                           dx:    0.08
Iteration 07
	model frequencies (percent)
	model 1: 66.4| model 2: 26.0| model 3: 7.6| 
                                                           dL:    0.22
                                                           dm:    1.85
                                                           dx:    0.06
Iteration 08
	model frequencies (percent)
	model 1: 68.2| model 2: 23.9| model 3: 7.8| 
                                                           dL:    0.10
                                                           dm:    1.77
                                                           dx:    0.05
Iteration 09
	model frequencies (percent)
	model 1: 69.9| model 2: 22.1| model 3: 8.0| 
                                                           dL:    0.07
                                                           dm:    1.69
                                                           dx:    0.04
Iteration 10
	model frequencies (percent)
	model 1: 71.5| model 2: 20.3| model 3: 8.2| 
                                                           dL:    0.06
                                                           dm:    1.60
                                                           dx:    0.03
Iteration 11
	model frequencies (percent)
	model 1: 73.0| model 2: 18.6| model 3: 8.4| 
                                                           dL:    0.08
                                                           dm:    1.49
                                                           dx:    0.03
Iteration 12
	model frequencies (percent)
	model 1: 74.3| model 2: 17.0| model 3: 8.6| 
                                                           dL:    0.10
                                                           dm:    1.36
                                                           dx:    0.03
Iteration 13
	model frequencies (percent)
	model 1: 75.6| model 2: 15.6| model 3: 8.9| 
                                                           dL:    0.12
                                                           dm:    1.23
                                                           dx:    0.03
Iteration 14
	model frequencies (percent)
	model 1: 76.7| model 2: 14.2| model 3: 9.1| 
                                                           dL:    0.14
                                                           dm:    1.08
                                                           dx:    0.03
Iteration 15
	model frequencies (percent)
	model 1: 77.6| model 2: 13.1| model 3: 9.4| 
                                                           dL:    0.16
                                                           dm:    0.93
                                                           dx:    0.03
Iteration 16
	model frequencies (percent)
	model 1: 78.3| model 2: 12.0| model 3: 9.6| 
                                                           dL:    0.17
                                                           dm:    0.76
                                                           dx:    0.04
Iteration 17
	model frequencies (percent)
	model 1: 78.9| model 2: 11.1| model 3: 9.9| 
                                                           dL:    0.18
                                                           dm:    0.57
                                                           dx:    0.04
Iteration 18
	model frequencies (percent)
	model 1: 79.3| model 2: 10.4| model 3: 10.3| 
                                                           dL:    0.19
                                                           dm:    0.38
                                                           dx:    0.05
Iteration 19
	model frequencies (percent)
	model 1: 79.5| model 2: 9.7| model 3: 10.8| 
                                                           dL:    0.24
                                                           dm:    0.23
                                                           dx:    0.06
Iteration 20
	model frequencies (percent)
	model 1: 79.6| model 2: 9.1| model 3: 11.3| 
                                                           dL:    0.36
                                                           dm:    0.12
                                                           dx:    0.07
Iteration 21
	model frequencies (percent)
	model 1: 79.7| model 2: 8.4| model 3: 11.9| 
                                                           dL:    0.53
                                                           dm:    0.06
                                                           dx:    0.09
Iteration 22
	model frequencies (percent)
	model 1: 79.7| model 2: 7.8| model 3: 12.5| 
                                                           dL:    0.57
                                                           dm:    0.00
                                                           dx:    0.10
Iteration 23
	model frequencies (percent)
	model 1: 79.6| model 2: 7.5| model 3: 12.8| 
                                                           dL:    0.42
                                                           dm:    0.07
                                                           dx:    0.08
Iteration 24
	model frequencies (percent)
	model 1: 79.5| model 2: 7.4| model 3: 13.2| 
                                                           dL:    0.27
                                                           dm:    0.17
                                                           dx:    0.05
Iteration 25
	model frequencies (percent)
	model 1: 79.2| model 2: 7.4| model 3: 13.4| 
                                                           dL:    0.21
                                                           dm:    0.28
                                                           dx:    0.04
Iteration 26
	model frequencies (percent)
	model 1: 78.8| model 2: 7.4| model 3: 13.8| 
                                                           dL:    0.20
                                                           dm:    0.36
                                                           dx:    0.03
Iteration 27
	model frequencies (percent)
	model 1: 78.4| model 2: 7.5| model 3: 14.1| 
                                                           dL:    0.23
                                                           dm:    0.40
                                                           dx:    0.02
Iteration 28
	model frequencies (percent)
	model 1: 78.1| model 2: 7.5| model 3: 14.4| 
                                                           dL:    0.25
                                                           dm:    0.38
                                                           dx:    0.02
Iteration 29
	model frequencies (percent)
	model 1: 77.8| model 2: 7.6| model 3: 14.6| 
                                                           dL:    0.25
                                                           dm:    0.31
                                                           dx:    0.02
Iteration 30
	model frequencies (percent)
	model 1: 77.5| model 2: 7.7| model 3: 14.8| 
                                                           dL:    0.24
                                                           dm:    0.23
                                                           dx:    0.02
Iteration 31
	model frequencies (percent)
	model 1: 77.4| model 2: 7.7| model 3: 14.9| 
                                                           dL:    0.22
                                                           dm:    0.15
                                                           dx:    0.02
Iteration 32
	model frequencies (percent)
	model 1: 77.3| model 2: 7.7| model 3: 15.0| 
                                                           dL:    0.19
                                                           dm:    0.10
                                                           dx:    0.01
Iteration 33
	model frequencies (percent)
	model 1: 77.2| model 2: 7.7| model 3: 15.1| 
                                                           dL:    0.17
                                                           dm:    0.05
                                                           dx:    0.01
Iteration 34
	model frequencies (percent)
	model 1: 77.2| model 2: 7.7| model 3: 15.1| 
                                                           dL:    0.15
                                                           dm:    0.02
                                                           dx:    0.01
                                                          Converged :]
