cbm_hbi_hbi                                       10-Jun-2024 16:22:27
Running hierarchical bayesian inference (HBI)...

HBI has been initialized according to
	cbm_lap_output/lap_oneB_oneA_oneQ [for model 1]
	cbm_lap_output/lap_oneB_twoA_oneQ [for model 2]
	cbm_lap_output/lap_oneB_fourA_oneQ [for model 3]
	cbm_lap_output/lap_twoB_oneA_oneQ [for model 4]
	cbm_lap_output/lap_twoB_twoA_oneQ [for model 5]
	cbm_lap_output/lap_twoB_fourA_oneQ [for model 6]
	cbm_lap_output/lap_fourB_oneA_oneQ [for model 7]
	cbm_lap_output/lap_fourB_twoA_oneQ [for model 8]
	cbm_lap_output/lap_fourB_fourA_oneQ [for model 9]
 
Number of samples: 151
Number of models: 9
======================================================================
Iteration 01
Iteration 02
	model frequencies (percent)
	model 1: 6.1| model 2: 11.5| model 3: 15.3| model 4: 10.7| model 5: 9.5| model 6: 10.7| model 7: 17.1| model 8: 11.6| model 9: 7.6| 
                                                           dL:  163.96
                                                           dm:   82.93
                                                           dx:    0.47
Iteration 03
	model frequencies (percent)
	model 1: 4.3| model 2: 11.6| model 3: 17.9| model 4: 9.8| model 5: 8.1| model 6: 10.0| model 7: 24.0| model 8: 10.6| model 9: 3.6| 
                                                           dL:   43.40
                                                           dm:    6.94
                                                           dx:    0.23
Iteration 04
	model frequencies (percent)
	model 1: 3.9| model 2: 11.7| model 3: 19.7| model 4: 8.3| model 5: 6.6| model 6: 9.3| model 7: 30.9| model 8: 8.8| model 9: 0.9| 
                                                           dL:   34.52
                                                           dm:    6.87
                                                           dx:    0.15
Iteration 05
	model frequencies (percent)
	model 1: 3.9| model 2: 11.9| model 3: 20.5| model 4: 6.6| model 5: 5.3| model 6: 8.4| model 7: 36.7| model 8: 6.6| model 9: 0.0| 
                                                           dL:   31.91
                                                           dm:    5.80
                                                           dx:    0.18
Iteration 06
	model frequencies (percent)
	model 1: 3.9| model 2: 12.6| model 3: 20.9| model 4: 5.1| model 5: 4.1| model 6: 7.6| model 7: 41.1| model 8: 4.7| model 9: 0.0| 
                                                           dL:   16.01
                                                           dm:    4.43
                                                           dx:    0.30
Iteration 07
	model frequencies (percent)
	model 1: 3.9| model 2: 13.7| model 3: 21.0| model 4: 3.8| model 5: 2.9| model 6: 6.9| model 7: 44.3| model 8: 3.5| model 9: 0.0| 
                                                           dL:   11.79
                                                           dm:    3.16
                                                           dx:    0.15
Iteration 08
	model frequencies (percent)
	model 1: 3.9| model 2: 15.0| model 3: 20.9| model 4: 2.7| model 5: 1.9| model 6: 6.5| model 7: 46.2| model 8: 2.9| model 9: 0.0| 
                                                           dL:    9.96
                                                           dm:    1.91
                                                           dx:    0.13
Iteration 09
	model frequencies (percent)
	model 1: 4.0| model 2: 16.3| model 3: 20.9| model 4: 1.9| model 5: 1.0| model 6: 6.2| model 7: 47.2| model 8: 2.6| model 9: 0.0| 
                                                           dL:    9.02
                                                           dm:    0.98
                                                           dx:    0.11
Iteration 10
	model frequencies (percent)
	model 1: 4.1| model 2: 17.3| model 3: 20.9| model 4: 1.5| model 5: 0.3| model 6: 5.9| model 7: 47.6| model 8: 2.4| model 9: 0.0| 
                                                           dL:    8.64
                                                           dm:    0.44
                                                           dx:    0.11
Iteration 11
	model frequencies (percent)
	model 1: 4.2| model 2: 17.9| model 3: 21.1| model 4: 1.3| model 5: 0.0| model 6: 5.6| model 7: 47.7| model 8: 2.1| model 9: 0.0| 
                                                           dL:    7.77
                                                           dm:    0.07
                                                           dx:    0.14
Iteration 12
	model frequencies (percent)
	model 1: 4.3| model 2: 18.3| model 3: 21.5| model 4: 1.4| model 5: 0.0| model 6: 5.5| model 7: 47.5| model 8: 1.6| model 9: 0.0| 
                                                           dL:    4.07
                                                           dm:    0.12
                                                           dx:    0.19
Iteration 13
	model frequencies (percent)
	model 1: 4.3| model 2: 18.6| model 3: 22.0| model 4: 1.4| model 5: 0.0| model 6: 5.3| model 7: 47.4| model 8: 1.1| model 9: 0.0| 
                                                           dL:    3.19
                                                           dm:    0.19
                                                           dx:    0.12
Iteration 14
	model frequencies (percent)
	model 1: 4.3| model 2: 18.8| model 3: 22.5| model 4: 1.5| model 5: 0.0| model 6: 5.0| model 7: 47.1| model 8: 0.8| model 9: 0.0| 
                                                           dL:    1.99
                                                           dm:    0.26
                                                           dx:    0.19
Iteration 15
	model frequencies (percent)
	model 1: 4.3| model 2: 19.0| model 3: 23.1| model 4: 1.6| model 5: 0.0| model 6: 4.7| model 7: 46.8| model 8: 0.7| model 9: 0.0| 
                                                           dL:    1.18
                                                           dm:    0.33
                                                           dx:    0.20
Iteration 16
	model frequencies (percent)
	model 1: 4.3| model 2: 19.0| model 3: 23.8| model 4: 1.7| model 5: 0.0| model 6: 4.2| model 7: 46.4| model 8: 0.6| model 9: 0.0| 
                                                           dL:    0.71
                                                           dm:    0.32
                                                           dx:    0.15
Iteration 17
	model frequencies (percent)
	model 1: 4.3| model 2: 19.1| model 3: 24.5| model 4: 1.8| model 5: 0.0| model 6: 3.7| model 7: 46.1| model 8: 0.5| model 9: 0.0| 
                                                           dL:    0.60
                                                           dm:    0.32
                                                           dx:    0.08
Iteration 18
	model frequencies (percent)
	model 1: 4.4| model 2: 19.1| model 3: 25.1| model 4: 2.0| model 5: 0.0| model 6: 3.2| model 7: 45.9| model 8: 0.3| model 9: 0.0| 
                                                           dL:    1.83
                                                           dm:    0.22
                                                           dx:    0.06
Iteration 19
	model frequencies (percent)
	model 1: 4.5| model 2: 19.0| model 3: 25.9| model 4: 2.2| model 5: 0.0| model 6: 2.7| model 7: 45.8| model 8: 0.0| model 9: 0.0| 
                                                           dL:    6.56
                                                           dm:    0.14
                                                           dx:    0.25
Iteration 20
	model frequencies (percent)
	model 1: 4.5| model 2: 18.9| model 3: 26.6| model 4: 2.4| model 5: 0.0| model 6: 2.2| model 7: 45.5| model 8: 0.0| model 9: 0.0| 
                                                           dL:    2.42
                                                           dm:    0.32
                                                           dx:    0.91
Iteration 21
	model frequencies (percent)
	model 1: 4.5| model 2: 18.7| model 3: 27.2| model 4: 2.6| model 5: 0.0| model 6: 1.9| model 7: 45.0| model 8: 0.0| model 9: 0.0| 
                                                           dL:   -0.17
                                                           dm:    0.41
                                                           dx:    0.06
Iteration 22
	model frequencies (percent)
	model 1: 4.6| model 2: 18.6| model 3: 27.7| model 4: 2.8| model 5: 0.0| model 6: 1.7| model 7: 44.6| model 8: 0.0| model 9: 0.0| 
                                                           dL:   -0.37
                                                           dm:    0.42
                                                           dx:    0.05
Iteration 23
	model frequencies (percent)
	model 1: 4.6| model 2: 18.5| model 3: 28.1| model 4: 3.0| model 5: 0.0| model 6: 1.6| model 7: 44.2| model 8: 0.0| model 9: 0.0| 
                                                           dL:   -0.51
                                                           dm:    0.42
                                                           dx:    0.04
Iteration 24
	model frequencies (percent)
	model 1: 4.6| model 2: 18.4| model 3: 28.4| model 4: 3.2| model 5: 0.0| model 6: 1.6| model 7: 43.8| model 8: 0.0| model 9: 0.0| 
                                                           dL:   -0.58
                                                           dm:    0.41
                                                           dx:    0.02
Iteration 25
	model frequencies (percent)
	model 1: 4.6| model 2: 18.4| model 3: 28.7| model 4: 3.4| model 5: 0.0| model 6: 1.5| model 7: 43.4| model 8: 0.0| model 9: 0.0| 
                                                           dL:   -0.58
                                                           dm:    0.39
                                                           dx:    0.02
Iteration 26
	model frequencies (percent)
	model 1: 4.6| model 2: 18.4| model 3: 28.8| model 4: 3.6| model 5: 0.0| model 6: 1.5| model 7: 43.0| model 8: 0.0| model 9: 0.0| 
                                                           dL:   -0.69
                                                           dm:    0.38
                                                           dx:    0.07
Iteration 27
	model frequencies (percent)
	model 1: 4.6| model 2: 18.4| model 3: 29.0| model 4: 3.8| model 5: 0.0| model 6: 1.5| model 7: 42.7| model 8: 0.0| model 9: 0.0| 
                                                           dL:   -0.58
                                                           dm:    0.36
                                                           dx:    0.11
Iteration 28
	model frequencies (percent)
	model 1: 4.7| model 2: 18.4| model 3: 29.2| model 4: 4.0| model 5: 0.0| model 6: 1.5| model 7: 42.3| model 8: 0.0| model 9: 0.0| 
                                                           dL:   -0.60
                                                           dm:    0.36
                                                           dx:    0.03
Iteration 29
	model frequencies (percent)
	model 1: 4.7| model 2: 18.3| model 3: 29.4| model 4: 4.2| model 5: 0.0| model 6: 1.5| model 7: 42.0| model 8: 0.0| model 9: 0.0| 
                                                           dL:   -0.59
                                                           dm:    0.35
                                                           dx:    0.02
Iteration 30
	model frequencies (percent)
	model 1: 4.7| model 2: 18.3| model 3: 29.5| model 4: 4.4| model 5: 0.0| model 6: 1.5| model 7: 41.6| model 8: 0.0| model 9: 0.0| 
                                                           dL:   -0.57
                                                           dm:    0.34
                                                           dx:    0.02
Iteration 31
	model frequencies (percent)
	model 1: 4.7| model 2: 18.3| model 3: 29.7| model 4: 4.6| model 5: 0.0| model 6: 1.4| model 7: 41.3| model 8: 0.0| model 9: 0.0| 
                                                           dL:   -0.56
                                                           dm:    0.33
                                                           dx:    0.01
Iteration 32
	model frequencies (percent)
	model 1: 4.7| model 2: 18.3| model 3: 29.8| model 4: 4.8| model 5: 0.0| model 6: 1.4| model 7: 41.0| model 8: 0.0| model 9: 0.0| 
                                                           dL:   -0.54
                                                           dm:    0.33
                                                           dx:    0.02
Iteration 33
	model frequencies (percent)
	model 1: 4.7| model 2: 18.3| model 3: 29.9| model 4: 5.0| model 5: 0.0| model 6: 1.4| model 7: 40.6| model 8: 0.0| model 9: 0.0| 
                                                           dL:   -0.52
                                                           dm:    0.32
                                                           dx:    0.02
Iteration 34
	model frequencies (percent)
	model 1: 4.7| model 2: 18.2| model 3: 30.1| model 4: 5.2| model 5: 0.0| model 6: 1.4| model 7: 40.3| model 8: 0.0| model 9: 0.0| 
                                                           dL:   -0.50
                                                           dm:    0.32
                                                           dx:    0.02
Iteration 35
	model frequencies (percent)
	model 1: 4.8| model 2: 18.2| model 3: 30.2| model 4: 5.5| model 5: 0.0| model 6: 1.4| model 7: 40.0| model 8: 0.0| model 9: 0.0| 
                                                           dL:   -0.48
                                                           dm:    0.32
                                                           dx:    0.02
Iteration 36
	model frequencies (percent)
	model 1: 4.8| model 2: 18.1| model 3: 30.4| model 4: 5.7| model 5: 0.0| model 6: 1.4| model 7: 39.7| model 8: 0.0| model 9: 0.0| 
                                                           dL:   -0.47
                                                           dm:    0.31
                                                           dx:    0.02
Iteration 37
	model frequencies (percent)
	model 1: 4.8| model 2: 18.1| model 3: 30.5| model 4: 5.9| model 5: 0.0| model 6: 1.3| model 7: 39.4| model 8: 0.0| model 9: 0.0| 
                                                           dL:   -0.45
                                                           dm:    0.31
                                                           dx:    0.02
Iteration 38
	model frequencies (percent)
	model 1: 4.8| model 2: 18.0| model 3: 30.7| model 4: 6.2| model 5: 0.0| model 6: 1.3| model 7: 39.1| model 8: 0.0| model 9: 0.0| 
                                                           dL:   -0.44
                                                           dm:    0.30
                                                           dx:    0.02
Iteration 39
	model frequencies (percent)
	model 1: 4.8| model 2: 17.9| model 3: 30.8| model 4: 6.4| model 5: 0.0| model 6: 1.3| model 7: 38.8| model 8: 0.0| model 9: 0.0| 
                                                           dL:   -0.42
                                                           dm:    0.30
                                                           dx:    0.02
Iteration 40
	model frequencies (percent)
	model 1: 4.8| model 2: 17.9| model 3: 31.0| model 4: 6.7| model 5: 0.0| model 6: 1.2| model 7: 38.5| model 8: 0.0| model 9: 0.0| 
                                                           dL:   -0.41
                                                           dm:    0.29
                                                           dx:    0.02
Iteration 41
	model frequencies (percent)
	model 1: 4.8| model 2: 17.8| model 3: 31.1| model 4: 6.9| model 5: 0.0| model 6: 1.1| model 7: 38.2| model 8: 0.0| model 9: 0.0| 
                                                           dL:   -0.39
                                                           dm:    0.27
                                                           dx:    0.03
Iteration 42
	model frequencies (percent)
	model 1: 4.8| model 2: 17.7| model 3: 31.3| model 4: 7.2| model 5: 0.0| model 6: 1.1| model 7: 38.0| model 8: 0.0| model 9: 0.0| 
                                                           dL:   -0.34
                                                           dm:    0.25
                                                           dx:    0.04
Iteration 43
	model frequencies (percent)
	model 1: 4.8| model 2: 17.6| model 3: 31.4| model 4: 7.4| model 5: 0.0| model 6: 0.9| model 7: 37.7| model 8: 0.0| model 9: 0.0| 
                                                           dL:   -0.27
                                                           dm:    0.22
                                                           dx:    0.05
Iteration 44
	model frequencies (percent)
	model 1: 4.9| model 2: 17.5| model 3: 31.6| model 4: 7.7| model 5: 0.0| model 6: 0.8| model 7: 37.5| model 8: 0.0| model 9: 0.0| 
                                                           dL:   -0.20
                                                           dm:    0.20
                                                           dx:    0.09
Iteration 45
	model frequencies (percent)
	model 1: 4.9| model 2: 17.4| model 3: 31.8| model 4: 8.0| model 5: 0.0| model 6: 0.6| model 7: 37.3| model 8: 0.0| model 9: 0.0| 
                                                           dL:   -0.19
                                                           dm:    0.22
                                                           dx:    0.14
Iteration 46
	model frequencies (percent)
	model 1: 4.9| model 2: 17.3| model 3: 32.0| model 4: 8.2| model 5: 0.0| model 6: 0.5| model 7: 37.1| model 8: 0.0| model 9: 0.0| 
                                                           dL:    0.15
                                                           dm:    0.24
                                                           dx:    0.12
Iteration 47
	model frequencies (percent)
	model 1: 5.1| model 2: 17.2| model 3: 32.1| model 4: 8.5| model 5: 0.0| model 6: 0.2| model 7: 36.9| model 8: 0.0| model 9: 0.0| 
                                                           dL:    2.83
                                                           dm:    0.16
                                                           dx:    0.05
Iteration 48
	model frequencies (percent)
	model 1: 5.1| model 2: 17.0| model 3: 32.3| model 4: 8.8| model 5: 0.0| model 6: 0.0| model 7: 36.7| model 8: 0.0| model 9: 0.0| 
                                                           dL:    9.83
                                                           dm:    0.19
                                                           dx:    1.22
Iteration 49
	model frequencies (percent)
	model 1: 5.1| model 2: 16.9| model 3: 32.5| model 4: 9.1| model 5: 0.0| model 6: 0.0| model 7: 36.4| model 8: 0.0| model 9: 0.0| 
                                                           dL:   -0.29
                                                           dm:    0.32
                                                           dx:    0.25
Iteration 50
	model frequencies (percent)
	model 1: 5.1| model 2: 16.8| model 3: 32.7| model 4: 9.4| model 5: 0.0| model 6: 0.0| model 7: 36.0| model 8: 0.0| model 9: 0.0| 
                                                           dL:   -0.39
                                                           dm:    0.38
                                                           dx:    0.01
                                                          Converged :]
