cbm_hbi_hbi                                       10-Jun-2024 16:33:09
Running hierarchical bayesian inference (HBI)...

HBI has been initialized according to
	cbm_lap_output/lap_oneB_oneA_oneQ [for model 1]
	cbm_lap_output/lap_oneB_twoA_oneQ [for model 2]
	cbm_lap_output/lap_oneB_fourA_oneQ [for model 3]
	cbm_lap_output/lap_twoB_oneA_oneQ [for model 4]
	cbm_lap_output/lap_twoB_twoA_oneQ [for model 5]
	cbm_lap_output/lap_twoB_fourA_oneQ [for model 6]
	cbm_lap_output/lap_fourB_oneA_oneQ [for model 7]
	cbm_lap_output/lap_fourB_twoA_oneQ [for model 8]
	cbm_lap_output/lap_fourB_fourA_oneQ [for model 9]
 
Number of samples: 50
Number of models: 9
======================================================================
Iteration 01
Iteration 02
	model frequencies (percent)
	model 1: 6.6| model 2: 11.1| model 3: 14.2| model 4: 9.6| model 5: 9.3| model 6: 12.3| model 7: 17.2| model 8: 11.0| model 9: 8.6| 
                                                           dL:  167.31
                                                           dm:  284.76
                                                           dx:    0.60
Iteration 03
	model frequencies (percent)
	model 1: 4.9| model 2: 11.9| model 3: 18.7| model 4: 8.9| model 5: 7.5| model 6: 11.1| model 7: 25.9| model 8: 8.3| model 9: 2.8| 
                                                           dL:   29.88
                                                           dm:    8.64
                                                           dx:    0.19
Iteration 04
	model frequencies (percent)
	model 1: 3.7| model 2: 11.9| model 3: 22.8| model 4: 7.8| model 5: 5.5| model 6: 8.4| model 7: 34.6| model 8: 5.1| model 9: 0.1| 
                                                           dL:   30.94
                                                           dm:    8.75
                                                           dx:    0.21
Iteration 05
	model frequencies (percent)
	model 1: 3.3| model 2: 11.2| model 3: 25.2| model 4: 7.2| model 5: 3.6| model 6: 5.4| model 7: 40.5| model 8: 3.5| model 9: 0.0| 
                                                           dL:   14.95
                                                           dm:    5.85
                                                           dx:    0.54
Iteration 06
	model frequencies (percent)
	model 1: 3.4| model 2: 10.2| model 3: 27.6| model 4: 7.5| model 5: 1.8| model 6: 2.4| model 7: 44.0| model 8: 3.1| model 9: 0.0| 
                                                           dL:   11.10
                                                           dm:    3.50
                                                           dx:    0.23
Iteration 07
	model frequencies (percent)
	model 1: 3.6| model 2: 8.5| model 3: 29.9| model 4: 8.9| model 5: 0.3| model 6: 0.2| model 7: 45.6| model 8: 3.0| model 9: 0.0| 
                                                           dL:   15.01
                                                           dm:    1.59
                                                           dx:    0.14
Iteration 08
	model frequencies (percent)
	model 1: 3.7| model 2: 5.9| model 3: 31.3| model 4: 10.6| model 5: 0.0| model 6: 0.0| model 7: 45.6| model 8: 2.9| model 9: 0.0| 
                                                           dL:    9.40
                                                           dm:    0.01
                                                           dx:    0.60
Iteration 09
	model frequencies (percent)
	model 1: 3.9| model 2: 2.8| model 3: 32.6| model 4: 12.3| model 5: 0.0| model 6: 0.0| model 7: 45.4| model 8: 2.9| model 9: 0.0| 
                                                           dL:    3.45
                                                           dm:    0.15
                                                           dx:    0.19
Iteration 10
	model frequencies (percent)
	model 1: 4.0| model 2: 0.5| model 3: 33.7| model 4: 13.6| model 5: 0.0| model 6: 0.0| model 7: 45.1| model 8: 2.9| model 9: 0.0| 
                                                           dL:    4.41
                                                           dm:    0.27
                                                           dx:    0.06
Iteration 11
	model frequencies (percent)
	model 1: 4.0| model 2: 0.0| model 3: 34.3| model 4: 14.3| model 5: 0.0| model 6: 0.0| model 7: 44.5| model 8: 3.0| model 9: 0.0| 
                                                           dL:    3.73
                                                           dm:    0.65
                                                           dx:    0.28
Iteration 12
	model frequencies (percent)
	model 1: 4.0| model 2: 0.0| model 3: 34.5| model 4: 14.6| model 5: 0.0| model 6: 0.0| model 7: 43.9| model 8: 3.0| model 9: 0.0| 
                                                           dL:    0.24
                                                           dm:    0.61
                                                           dx:    0.25
Iteration 13
	model frequencies (percent)
	model 1: 4.0| model 2: 0.0| model 3: 34.8| model 4: 14.8| model 5: 0.0| model 6: 0.0| model 7: 43.4| model 8: 3.0| model 9: 0.0| 
                                                           dL:    0.19
                                                           dm:    0.45
                                                           dx:    0.01
Iteration 14
	model frequencies (percent)
	model 1: 4.0| model 2: 0.0| model 3: 35.0| model 4: 14.9| model 5: 0.0| model 6: 0.0| model 7: 43.1| model 8: 3.0| model 9: 0.0| 
                                                           dL:    0.16
                                                           dm:    0.34
                                                           dx:    0.01
Iteration 15
	model frequencies (percent)
	model 1: 3.9| model 2: 0.0| model 3: 35.2| model 4: 15.0| model 5: 0.0| model 6: 0.0| model 7: 42.8| model 8: 3.0| model 9: 0.0| 
                                                           dL:    0.14
                                                           dm:    0.27
                                                           dx:    0.01
Iteration 16
	model frequencies (percent)
	model 1: 4.0| model 2: 0.0| model 3: 35.4| model 4: 15.0| model 5: 0.0| model 6: 0.0| model 7: 42.6| model 8: 3.0| model 9: 0.0| 
                                                           dL:    0.12
                                                           dm:    0.21
                                                           dx:    0.01
Iteration 17
	model frequencies (percent)
	model 1: 4.0| model 2: 0.0| model 3: 35.5| model 4: 15.1| model 5: 0.0| model 6: 0.0| model 7: 42.4| model 8: 3.0| model 9: 0.0| 
                                                           dL:    0.10
                                                           dm:    0.17
                                                           dx:    0.01
Iteration 18
	model frequencies (percent)
	model 1: 4.0| model 2: 0.0| model 3: 35.7| model 4: 15.1| model 5: 0.0| model 6: 0.0| model 7: 42.3| model 8: 3.0| model 9: 0.0| 
                                                           dL:    0.08
                                                           dm:    0.14
                                                           dx:    0.01
Iteration 19
	model frequencies (percent)
	model 1: 4.0| model 2: 0.0| model 3: 35.8| model 4: 15.1| model 5: 0.0| model 6: 0.0| model 7: 42.2| model 8: 3.0| model 9: 0.0| 
                                                           dL:    0.07
                                                           dm:    0.12
                                                           dx:    0.01
Iteration 20
	model frequencies (percent)
	model 1: 4.0| model 2: 0.0| model 3: 35.9| model 4: 15.1| model 5: 0.0| model 6: 0.0| model 7: 42.1| model 8: 2.9| model 9: 0.0| 
                                                           dL:    0.06
                                                           dm:    0.10
                                                           dx:    0.01
Iteration 21
	model frequencies (percent)
	model 1: 4.0| model 2: 0.0| model 3: 36.0| model 4: 15.1| model 5: 0.0| model 6: 0.0| model 7: 42.0| model 8: 2.9| model 9: 0.0| 
                                                           dL:    0.05
                                                           dm:    0.08
                                                           dx:    0.01
Iteration 22
	model frequencies (percent)
	model 1: 4.0| model 2: 0.0| model 3: 36.1| model 4: 15.1| model 5: 0.0| model 6: 0.0| model 7: 41.9| model 8: 2.9| model 9: 0.0| 
                                                           dL:    0.04
                                                           dm:    0.07
                                                           dx:    0.01
Iteration 23
	model frequencies (percent)
	model 1: 4.0| model 2: 0.0| model 3: 36.1| model 4: 15.2| model 5: 0.0| model 6: 0.0| model 7: 41.8| model 8: 2.8| model 9: 0.0| 
                                                           dL:    0.03
                                                           dm:    0.06
                                                           dx:    0.01
Iteration 24
	model frequencies (percent)
	model 1: 4.0| model 2: 0.0| model 3: 36.2| model 4: 15.2| model 5: 0.0| model 6: 0.0| model 7: 41.8| model 8: 2.8| model 9: 0.0| 
                                                           dL:    0.03
                                                           dm:    0.05
                                                           dx:    0.01
Iteration 25
	model frequencies (percent)
	model 1: 4.0| model 2: 0.0| model 3: 36.3| model 4: 15.2| model 5: 0.0| model 6: 0.0| model 7: 41.7| model 8: 2.8| model 9: 0.0| 
                                                           dL:    0.02
                                                           dm:    0.05
                                                           dx:    0.01
Iteration 26
	model frequencies (percent)
	model 1: 4.0| model 2: 0.0| model 3: 36.3| model 4: 15.2| model 5: 0.0| model 6: 0.0| model 7: 41.7| model 8: 2.7| model 9: 0.0| 
                                                           dL:    0.02
                                                           dm:    0.04
                                                           dx:    0.01
Iteration 27
	model frequencies (percent)
	model 1: 4.0| model 2: 0.0| model 3: 36.4| model 4: 15.2| model 5: 0.0| model 6: 0.0| model 7: 41.7| model 8: 2.7| model 9: 0.0| 
                                                           dL:    0.02
                                                           dm:    0.04
                                                           dx:    0.01
Iteration 28
	model frequencies (percent)
	model 1: 4.0| model 2: 0.0| model 3: 36.4| model 4: 15.2| model 5: 0.0| model 6: 0.0| model 7: 41.6| model 8: 2.7| model 9: 0.0| 
                                                           dL:    0.01
                                                           dm:    0.04
                                                           dx:    0.01
Iteration 29
	model frequencies (percent)
	model 1: 4.0| model 2: 0.0| model 3: 36.5| model 4: 15.2| model 5: 0.0| model 6: 0.0| model 7: 41.6| model 8: 2.7| model 9: 0.0| 
                                                           dL:    0.01
                                                           dm:    0.04
                                                           dx:    0.01
Iteration 30
	model frequencies (percent)
	model 1: 4.0| model 2: 0.0| model 3: 36.5| model 4: 15.2| model 5: 0.0| model 6: 0.0| model 7: 41.6| model 8: 2.6| model 9: 0.0| 
                                                           dL:    0.01
                                                           dm:    0.03
                                                           dx:    0.01
Iteration 31
	model frequencies (percent)
	model 1: 4.1| model 2: 0.0| model 3: 36.5| model 4: 15.3| model 5: 0.0| model 6: 0.0| model 7: 41.5| model 8: 2.6| model 9: 0.0| 
                                                           dL:    0.01
                                                           dm:    0.03
                                                           dx:    0.01
                                                          Converged :]
