cbm_hbi_hbi                                       23-Apr-2024 12:58:41
Running hierarchical bayesian inference (HBI)...

HBI has been initialized according to
	cbm_lap_output/lap_fourB_oneQ [for model 1]
	cbm_lap_output/lap_fourB_oneQ_CF [for model 2]
	cbm_lap_output/lap_fourB_oneQ_noCF [for model 3]
 
Number of samples: 51
Number of models: 3
======================================================================
Iteration 01
Iteration 02
	model frequencies (percent)
	model 1: 50.0| model 2: 40.3| model 3: 9.8| 
                                                           dL:   88.32
                                                           dm:  246.12
                                                           dx:    0.91
Iteration 03
	model frequencies (percent)
	model 1: 52.8| model 2: 40.2| model 3: 7.0| 
                                                           dL:   10.65
                                                           dm:    2.81
                                                           dx:    0.38
Iteration 04
	model frequencies (percent)
	model 1: 53.3| model 2: 40.6| model 3: 6.1| 
                                                           dL:    3.06
                                                           dm:    0.54
                                                           dx:    0.19
Iteration 05
	model frequencies (percent)
	model 1: 53.0| model 2: 41.6| model 3: 5.3| 
                                                           dL:    1.80
                                                           dm:    0.26
                                                           dx:    0.13
Iteration 06
	model frequencies (percent)
	model 1: 52.2| model 2: 43.1| model 3: 4.7| 
                                                           dL:    1.69
                                                           dm:    0.82
                                                           dx:    0.12
Iteration 07
	model frequencies (percent)
	model 1: 50.9| model 2: 45.0| model 3: 4.1| 
                                                           dL:    1.80
                                                           dm:    1.31
                                                           dx:    0.11
Iteration 08
	model frequencies (percent)
	model 1: 49.1| model 2: 47.2| model 3: 3.8| 
                                                           dL:    1.73
                                                           dm:    1.83
                                                           dx:    0.14
Iteration 09
	model frequencies (percent)
	model 1: 46.8| model 2: 49.6| model 3: 3.6| 
                                                           dL:    1.29
                                                           dm:    2.43
                                                           dx:    0.09
Iteration 10
	model frequencies (percent)
	model 1: 44.2| model 2: 52.2| model 3: 3.5| 
                                                           dL:    1.15
                                                           dm:    2.65
                                                           dx:    0.06
Iteration 11
	model frequencies (percent)
	model 1: 41.5| model 2: 55.1| model 3: 3.5| 
                                                           dL:    1.08
                                                           dm:    2.83
                                                           dx:    0.05
Iteration 12
	model frequencies (percent)
	model 1: 38.6| model 2: 58.0| model 3: 3.4| 
                                                           dL:    1.00
                                                           dm:    2.95
                                                           dx:    0.04
Iteration 13
	model frequencies (percent)
	model 1: 35.6| model 2: 61.1| model 3: 3.4| 
                                                           dL:    0.93
                                                           dm:    3.05
                                                           dx:    0.04
Iteration 14
	model frequencies (percent)
	model 1: 32.5| model 2: 64.2| model 3: 3.3| 
                                                           dL:    0.89
                                                           dm:    3.12
                                                           dx:    0.04
Iteration 15
	model frequencies (percent)
	model 1: 29.4| model 2: 67.4| model 3: 3.3| 
                                                           dL:    0.88
                                                           dm:    3.19
                                                           dx:    0.04
Iteration 16
	model frequencies (percent)
	model 1: 26.2| model 2: 70.6| model 3: 3.2| 
                                                           dL:    0.89
                                                           dm:    3.21
                                                           dx:    0.04
Iteration 17
	model frequencies (percent)
	model 1: 23.1| model 2: 73.7| model 3: 3.1| 
                                                           dL:    0.87
                                                           dm:    3.16
                                                           dx:    0.04
Iteration 18
	model frequencies (percent)
	model 1: 20.2| model 2: 76.7| model 3: 3.1| 
                                                           dL:    0.78
                                                           dm:    2.99
                                                           dx:    0.05
Iteration 19
	model frequencies (percent)
	model 1: 17.5| model 2: 79.4| model 3: 3.0| 
                                                           dL:    0.62
                                                           dm:    2.69
                                                           dx:    0.05
Iteration 20
	model frequencies (percent)
	model 1: 15.2| model 2: 81.7| model 3: 3.0| 
                                                           dL:    0.42
                                                           dm:    2.33
                                                           dx:    0.05
Iteration 21
	model frequencies (percent)
	model 1: 13.3| model 2: 83.7| model 3: 3.0| 
                                                           dL:    0.23
                                                           dm:    1.98
                                                           dx:    0.05
Iteration 22
	model frequencies (percent)
	model 1: 11.6| model 2: 85.4| model 3: 3.0| 
                                                           dL:    0.10
                                                           dm:    1.72
                                                           dx:    0.05
Iteration 23
	model frequencies (percent)
	model 1: 10.0| model 2: 87.0| model 3: 3.0| 
                                                           dL:    0.06
                                                           dm:    1.58
                                                           dx:    0.04
Iteration 24
	model frequencies (percent)
	model 1: 8.5| model 2: 88.5| model 3: 3.0| 
                                                           dL:    0.09
                                                           dm:    1.51
                                                           dx:    0.04
Iteration 25
	model frequencies (percent)
	model 1: 6.9| model 2: 90.0| model 3: 3.0| 
                                                           dL:    0.18
                                                           dm:    1.48
                                                           dx:    0.05
Iteration 26
	model frequencies (percent)
	model 1: 5.5| model 2: 91.4| model 3: 3.1| 
                                                           dL:    0.28
                                                           dm:    1.42
                                                           dx:    0.07
Iteration 27
	model frequencies (percent)
	model 1: 4.2| model 2: 92.7| model 3: 3.1| 
                                                           dL:    0.36
                                                           dm:    1.26
                                                           dx:    0.11
Iteration 28
	model frequencies (percent)
	model 1: 2.9| model 2: 93.9| model 3: 3.2| 
                                                           dL:    0.77
                                                           dm:    1.20
                                                           dx:    0.11
Iteration 29
	model frequencies (percent)
	model 1: 1.3| model 2: 95.4| model 3: 3.2| 
                                                           dL:    2.55
                                                           dm:    1.53
                                                           dx:    0.07
Iteration 30
	model frequencies (percent)
	model 1: 0.1| model 2: 96.6| model 3: 3.3| 
                                                           dL:    5.92
                                                           dm:    1.23
                                                           dx:    0.68
Iteration 31
	model frequencies (percent)
	model 1: 0.0| model 2: 96.7| model 3: 3.3| 
                                                           dL:    3.69
                                                           dm:    0.07
                                                           dx:    0.96
Iteration 32
	model frequencies (percent)
	model 1: 0.0| model 2: 96.7| model 3: 3.3| 
                                                           dL:   -0.44
                                                           dm:    0.00
                                                           dx:    0.36
Iteration 33
	model frequencies (percent)
	model 1: 0.0| model 2: 96.7| model 3: 3.3| 
                                                           dL:   -0.40
                                                           dm:    0.00
                                                           dx:    0.01
                                                          Converged :]
