cbm_hbi_hbi                                       23-Apr-2024 12:57:46
Running hierarchical bayesian inference (HBI)...

HBI has been initialized according to
	cbm_lap_output/lap_fourB_oneQ [for model 1]
	cbm_lap_output/lap_fourB_oneQ_CF [for model 2]
	cbm_lap_output/lap_fourB_oneQ_noCF [for model 3]
 
Number of samples: 50
Number of models: 3
======================================================================
Iteration 01
Iteration 02
	model frequencies (percent)
	model 1: 54.1| model 2: 38.1| model 3: 7.8| 
                                                           dL:   75.95
                                                           dm:  247.90
                                                           dx:    0.57
Iteration 03
	model frequencies (percent)
	model 1: 62.5| model 2: 32.9| model 3: 4.6| 
                                                           dL:   11.93
                                                           dm:    8.45
                                                           dx:    0.32
Iteration 04
	model frequencies (percent)
	model 1: 68.7| model 2: 27.5| model 3: 3.9| 
                                                           dL:    5.13
                                                           dm:    6.14
                                                           dx:    0.22
Iteration 05
	model frequencies (percent)
	model 1: 73.6| model 2: 22.6| model 3: 3.7| 
                                                           dL:    3.11
                                                           dm:    4.95
                                                           dx:    0.12
Iteration 06
	model frequencies (percent)
	model 1: 77.6| model 2: 18.6| model 3: 3.7| 
                                                           dL:    2.28
                                                           dm:    3.99
                                                           dx:    0.10
Iteration 07
	model frequencies (percent)
	model 1: 80.7| model 2: 15.5| model 3: 3.7| 
                                                           dL:    1.81
                                                           dm:    3.09
                                                           dx:    0.10
Iteration 08
	model frequencies (percent)
	model 1: 83.0| model 2: 13.3| model 3: 3.7| 
                                                           dL:    1.40
                                                           dm:    2.24
                                                           dx:    0.09
Iteration 09
	model frequencies (percent)
	model 1: 84.5| model 2: 11.8| model 3: 3.7| 
                                                           dL:    1.02
                                                           dm:    1.50
                                                           dx:    0.07
Iteration 10
	model frequencies (percent)
	model 1: 85.4| model 2: 10.8| model 3: 3.8| 
                                                           dL:    0.75
                                                           dm:    0.98
                                                           dx:    0.06
Iteration 11
	model frequencies (percent)
	model 1: 86.1| model 2: 10.1| model 3: 3.8| 
                                                           dL:    0.59
                                                           dm:    0.67
                                                           dx:    0.05
Iteration 12
	model frequencies (percent)
	model 1: 86.6| model 2: 9.6| model 3: 3.8| 
                                                           dL:    0.49
                                                           dm:    0.49
                                                           dx:    0.04
Iteration 13
	model frequencies (percent)
	model 1: 87.0| model 2: 9.1| model 3: 3.9| 
                                                           dL:    0.42
                                                           dm:    0.40
                                                           dx:    0.03
Iteration 14
	model frequencies (percent)
	model 1: 87.3| model 2: 8.7| model 3: 3.9| 
                                                           dL:    0.36
                                                           dm:    0.36
                                                           dx:    0.02
Iteration 15
	model frequencies (percent)
	model 1: 87.7| model 2: 8.4| model 3: 3.9| 
                                                           dL:    0.32
                                                           dm:    0.35
                                                           dx:    0.02
Iteration 16
	model frequencies (percent)
	model 1: 88.1| model 2: 7.9| model 3: 4.0| 
                                                           dL:    0.30
                                                           dm:    0.37
                                                           dx:    0.02
Iteration 17
	model frequencies (percent)
	model 1: 88.5| model 2: 7.5| model 3: 4.0| 
                                                           dL:    0.30
                                                           dm:    0.41
                                                           dx:    0.02
Iteration 18
	model frequencies (percent)
	model 1: 89.0| model 2: 7.0| model 3: 4.1| 
                                                           dL:    0.34
                                                           dm:    0.47
                                                           dx:    0.02
Iteration 19
	model frequencies (percent)
	model 1: 89.5| model 2: 6.4| model 3: 4.1| 
                                                           dL:    0.41
                                                           dm:    0.56
                                                           dx:    0.03
Iteration 20
	model frequencies (percent)
	model 1: 90.2| model 2: 5.7| model 3: 4.1| 
                                                           dL:    0.52
                                                           dm:    0.64
                                                           dx:    0.03
Iteration 21
	model frequencies (percent)
	model 1: 90.9| model 2: 4.9| model 3: 4.2| 
                                                           dL:    0.67
                                                           dm:    0.72
                                                           dx:    0.04
Iteration 22
	model frequencies (percent)
	model 1: 91.7| model 2: 4.1| model 3: 4.2| 
                                                           dL:    0.91
                                                           dm:    0.80
                                                           dx:    0.06
Iteration 23
	model frequencies (percent)
	model 1: 92.5| model 2: 3.2| model 3: 4.3| 
                                                           dL:    1.42
                                                           dm:    0.87
                                                           dx:    0.11
Iteration 24
	model frequencies (percent)
	model 1: 93.2| model 2: 2.5| model 3: 4.3| 
                                                           dL:    1.63
                                                           dm:    0.66
                                                           dx:    0.26
Iteration 25
	model frequencies (percent)
	model 1: 93.4| model 2: 2.4| model 3: 4.3| 
                                                           dL:    0.82
                                                           dm:    0.15
                                                           dx:    0.20
Iteration 26
	model frequencies (percent)
	model 1: 93.3| model 2: 2.4| model 3: 4.3| 
                                                           dL:    0.44
                                                           dm:    0.01
                                                           dx:    0.08
Iteration 27
	model frequencies (percent)
	model 1: 93.3| model 2: 2.4| model 3: 4.3| 
                                                           dL:    0.27
                                                           dm:    0.05
                                                           dx:    0.07
Iteration 28
	model frequencies (percent)
	model 1: 93.2| model 2: 2.5| model 3: 4.3| 
                                                           dL:    0.17
                                                           dm:    0.06
                                                           dx:    0.06
Iteration 29
	model frequencies (percent)
	model 1: 93.2| model 2: 2.5| model 3: 4.3| 
                                                           dL:    0.12
                                                           dm:    0.07
                                                           dx:    0.05
Iteration 30
	model frequencies (percent)
	model 1: 93.1| model 2: 2.6| model 3: 4.3| 
                                                           dL:    0.08
                                                           dm:    0.08
                                                           dx:    0.05
Iteration 31
	model frequencies (percent)
	model 1: 93.0| model 2: 2.7| model 3: 4.3| 
                                                           dL:    0.07
                                                           dm:    0.09
                                                           dx:    0.04
Iteration 32
	model frequencies (percent)
	model 1: 92.9| model 2: 2.8| model 3: 4.3| 
                                                           dL:    0.06
                                                           dm:    0.11
                                                           dx:    0.04
Iteration 33
	model frequencies (percent)
	model 1: 92.8| model 2: 2.9| model 3: 4.3| 
                                                           dL:    0.05
                                                           dm:    0.12
                                                           dx:    0.04
Iteration 34
	model frequencies (percent)
	model 1: 92.6| model 2: 3.1| model 3: 4.3| 
                                                           dL:    0.05
                                                           dm:    0.13
                                                           dx:    0.04
Iteration 35
	model frequencies (percent)
	model 1: 92.5| model 2: 3.2| model 3: 4.3| 
                                                           dL:    0.05
                                                           dm:    0.14
                                                           dx:    0.04
Iteration 36
	model frequencies (percent)
	model 1: 92.3| model 2: 3.4| model 3: 4.3| 
                                                           dL:    0.05
                                                           dm:    0.14
                                                           dx:    0.03
Iteration 37
	model frequencies (percent)
	model 1: 92.2| model 2: 3.5| model 3: 4.3| 
                                                           dL:    0.05
                                                           dm:    0.13
                                                           dx:    0.03
Iteration 38
	model frequencies (percent)
	model 1: 92.1| model 2: 3.6| model 3: 4.3| 
                                                           dL:    0.05
                                                           dm:    0.12
                                                           dx:    0.02
Iteration 39
	model frequencies (percent)
	model 1: 92.0| model 2: 3.7| model 3: 4.3| 
                                                           dL:    0.05
                                                           dm:    0.09
                                                           dx:    0.02
Iteration 40
	model frequencies (percent)
	model 1: 91.9| model 2: 3.8| model 3: 4.3| 
                                                           dL:    0.05
                                                           dm:    0.07
                                                           dx:    0.02
Iteration 41
	model frequencies (percent)
	model 1: 91.9| model 2: 3.8| model 3: 4.3| 
                                                           dL:    0.05
                                                           dm:    0.05
                                                           dx:    0.02
Iteration 42
	model frequencies (percent)
	model 1: 91.8| model 2: 3.9| model 3: 4.3| 
                                                           dL:    0.04
                                                           dm:    0.04
                                                           dx:    0.01
Iteration 43
	model frequencies (percent)
	model 1: 91.8| model 2: 3.9| model 3: 4.3| 
                                                           dL:    0.04
                                                           dm:    0.03
                                                           dx:    0.01
Iteration 44
	model frequencies (percent)
	model 1: 91.8| model 2: 3.9| model 3: 4.3| 
                                                           dL:    0.04
                                                           dm:    0.02
                                                           dx:    0.01
Iteration 45
	model frequencies (percent)
	model 1: 91.8| model 2: 3.9| model 3: 4.3| 
                                                           dL:    0.03
                                                           dm:    0.02
                                                           dx:    0.01
                                                          Converged :]
