cbm_hbi_hbi                                       10-Jun-2024 16:32:06
Running hierarchical bayesian inference (HBI)...

HBI has been initialized according to
	cbm_lap_output/lap_oneB_oneA_oneQ [for model 1]
	cbm_lap_output/lap_oneB_twoA_oneQ [for model 2]
	cbm_lap_output/lap_oneB_fourA_oneQ [for model 3]
	cbm_lap_output/lap_twoB_oneA_oneQ [for model 4]
	cbm_lap_output/lap_twoB_twoA_oneQ [for model 5]
	cbm_lap_output/lap_twoB_fourA_oneQ [for model 6]
	cbm_lap_output/lap_fourB_oneA_oneQ [for model 7]
	cbm_lap_output/lap_fourB_twoA_oneQ [for model 8]
	cbm_lap_output/lap_fourB_fourA_oneQ [for model 9]
 
Number of samples: 50
Number of models: 9
======================================================================
Iteration 01
Iteration 02
	model frequencies (percent)
	model 1: 8.0| model 2: 10.6| model 3: 16.0| model 4: 11.4| model 5: 8.0| model 6: 9.8| model 7: 17.8| model 8: 11.4| model 9: 7.1| 
                                                           dL:  174.78
                                                           dm:  284.25
                                                           dx:    0.40
Iteration 03
	model frequencies (percent)
	model 1: 5.7| model 2: 9.0| model 3: 24.1| model 4: 11.9| model 5: 4.5| model 6: 6.5| model 7: 28.2| model 8: 8.1| model 9: 2.0| 
                                                           dL:   36.43
                                                           dm:   10.43
                                                           dx:    0.19
Iteration 04
	model frequencies (percent)
	model 1: 3.7| model 2: 5.8| model 3: 32.1| model 4: 11.4| model 5: 1.3| model 6: 2.3| model 7: 40.0| model 8: 3.3| model 9: 0.0| 
                                                           dL:   44.37
                                                           dm:   11.86
                                                           dx:    0.19
Iteration 05
	model frequencies (percent)
	model 1: 2.3| model 2: 2.3| model 3: 36.0| model 4: 10.4| model 5: 0.1| model 6: 0.1| model 7: 48.4| model 8: 0.4| model 9: 0.0| 
                                                           dL:   34.84
                                                           dm:    8.35
                                                           dx:    0.39
Iteration 06
	model frequencies (percent)
	model 1: 1.2| model 2: 0.4| model 3: 36.3| model 4: 9.8| model 5: 0.0| model 6: 0.0| model 7: 52.3| model 8: 0.0| model 9: 0.0| 
                                                           dL:   15.70
                                                           dm:    3.89
                                                           dx:    0.41
Iteration 07
	model frequencies (percent)
	model 1: 0.5| model 2: 0.1| model 3: 35.4| model 4: 9.5| model 5: 0.0| model 6: 0.0| model 7: 54.5| model 8: 0.0| model 9: 0.0| 
                                                           dL:    4.72
                                                           dm:    2.23
                                                           dx:    0.26
Iteration 08
	model frequencies (percent)
	model 1: 0.2| model 2: 0.0| model 3: 34.2| model 4: 9.3| model 5: 0.0| model 6: 0.0| model 7: 56.2| model 8: 0.0| model 9: 0.0| 
                                                           dL:    1.65
                                                           dm:    1.71
                                                           dx:    0.15
Iteration 09
	model frequencies (percent)
	model 1: 0.1| model 2: 0.0| model 3: 32.9| model 4: 9.3| model 5: 0.0| model 6: 0.0| model 7: 57.7| model 8: 0.0| model 9: 0.0| 
                                                           dL:    0.34
                                                           dm:    1.45
                                                           dx:    0.07
Iteration 10
	model frequencies (percent)
	model 1: 0.1| model 2: 0.0| model 3: 31.7| model 4: 9.3| model 5: 0.0| model 6: 0.0| model 7: 59.0| model 8: 0.0| model 9: 0.0| 
                                                           dL:    0.16
                                                           dm:    1.29
                                                           dx:    0.03
Iteration 11
	model frequencies (percent)
	model 1: 0.1| model 2: 0.0| model 3: 30.5| model 4: 9.3| model 5: 0.0| model 6: 0.0| model 7: 60.1| model 8: 0.0| model 9: 0.0| 
                                                           dL:    0.14
                                                           dm:    1.17
                                                           dx:    0.02
Iteration 12
	model frequencies (percent)
	model 1: 0.1| model 2: 0.0| model 3: 29.3| model 4: 9.4| model 5: 0.0| model 6: 0.0| model 7: 61.2| model 8: 0.0| model 9: 0.0| 
                                                           dL:    0.16
                                                           dm:    1.07
                                                           dx:    0.01
Iteration 13
	model frequencies (percent)
	model 1: 0.0| model 2: 0.0| model 3: 28.2| model 4: 9.5| model 5: 0.0| model 6: 0.0| model 7: 62.2| model 8: 0.0| model 9: 0.0| 
                                                           dL:    0.19
                                                           dm:    0.98
                                                           dx:    0.01
Iteration 14
	model frequencies (percent)
	model 1: 0.0| model 2: 0.0| model 3: 27.2| model 4: 9.7| model 5: 0.0| model 6: 0.0| model 7: 63.1| model 8: 0.0| model 9: 0.0| 
                                                           dL:    0.29
                                                           dm:    0.89
                                                           dx:    0.01
Iteration 15
	model frequencies (percent)
	model 1: 0.0| model 2: 0.0| model 3: 26.3| model 4: 9.8| model 5: 0.0| model 6: 0.0| model 7: 63.8| model 8: 0.0| model 9: 0.0| 
                                                           dL:    0.17
                                                           dm:    0.75
                                                           dx:    0.02
Iteration 16
	model frequencies (percent)
	model 1: 0.0| model 2: 0.0| model 3: 25.4| model 4: 9.9| model 5: 0.0| model 6: 0.0| model 7: 64.6| model 8: 0.0| model 9: 0.0| 
                                                           dL:    0.22
                                                           dm:    0.79
                                                           dx:    0.01
Iteration 17
	model frequencies (percent)
	model 1: 0.0| model 2: 0.0| model 3: 24.5| model 4: 10.1| model 5: 0.0| model 6: 0.0| model 7: 65.3| model 8: 0.0| model 9: 0.0| 
                                                           dL:    0.28
                                                           dm:    0.72
                                                           dx:    0.01
Iteration 18
	model frequencies (percent)
	model 1: 0.0| model 2: 0.0| model 3: 23.8| model 4: 10.2| model 5: 0.0| model 6: 0.0| model 7: 65.9| model 8: 0.0| model 9: 0.0| 
                                                           dL:    0.28
                                                           dm:    0.60
                                                           dx:    0.01
Iteration 19
	model frequencies (percent)
	model 1: 0.0| model 2: 0.0| model 3: 23.1| model 4: 10.4| model 5: 0.0| model 6: 0.0| model 7: 66.4| model 8: 0.0| model 9: 0.0| 
                                                           dL:    0.28
                                                           dm:    0.50
                                                           dx:    0.01
Iteration 20
	model frequencies (percent)
	model 1: 0.0| model 2: 0.0| model 3: 22.6| model 4: 10.6| model 5: 0.0| model 6: 0.0| model 7: 66.8| model 8: 0.0| model 9: 0.0| 
                                                           dL:    0.25
                                                           dm:    0.39
                                                           dx:    0.01
Iteration 21
	model frequencies (percent)
	model 1: 0.0| model 2: 0.0| model 3: 22.1| model 4: 10.7| model 5: 0.0| model 6: 0.0| model 7: 67.1| model 8: 0.0| model 9: 0.0| 
                                                           dL:    0.22
                                                           dm:    0.29
                                                           dx:    0.01
Iteration 22
	model frequencies (percent)
	model 1: 0.0| model 2: 0.0| model 3: 21.8| model 4: 10.8| model 5: 0.0| model 6: 0.0| model 7: 67.3| model 8: 0.0| model 9: 0.0| 
                                                           dL:    0.19
                                                           dm:    0.21
                                                           dx:    0.01
                                                          Converged :]
