cbm_hbi_hbi                                       14-Nov-2023 19:15:26
Running hierarchical bayesian inference (HBI)...

HBI has been initialized according to
	cbm_lap_output/lap_fourB_oneQ [for model 1]
	cbm_lap_output/lap_fourB_oneQ_CF [for model 2]
	cbm_lap_output/lap_fourB_oneQ_fullCF [for model 3]
 
Number of samples: 73
Number of models: 3
======================================================================
Iteration 01
Iteration 02
	model frequencies (percent)
	model 1: 56.9| model 2: 38.8| model 3: 4.4| 
                                                           dL:  136.22
                                                           dm:   43.14
                                                           dx:    0.66
Iteration 03
	model frequencies (percent)
	model 1: 48.8| model 2: 50.1| model 3: 1.2| 
                                                           dL:   39.58
                                                           dm:   11.26
                                                           dx:    0.30
Iteration 04
	model frequencies (percent)
	model 1: 40.7| model 2: 59.2| model 3: 0.1| 
                                                           dL:   23.78
                                                           dm:    9.20
                                                           dx:    0.27
Iteration 05
	model frequencies (percent)
	model 1: 35.9| model 2: 64.1| model 3: 0.0| 
                                                           dL:   10.35
                                                           dm:    4.89
                                                           dx:    0.26
Iteration 06
	model frequencies (percent)
	model 1: 33.1| model 2: 66.9| model 3: 0.0| 
                                                           dL:    4.92
                                                           dm:    2.78
                                                           dx:    0.20
Iteration 07
	model frequencies (percent)
	model 1: 31.3| model 2: 68.7| model 3: 0.0| 
                                                           dL:    3.09
                                                           dm:    1.75
                                                           dx:    0.06
Iteration 08
	model frequencies (percent)
	model 1: 30.1| model 2: 69.9| model 3: 0.0| 
                                                           dL:    2.26
                                                           dm:    1.21
                                                           dx:    0.04
Iteration 09
	model frequencies (percent)
	model 1: 29.2| model 2: 70.8| model 3: 0.0| 
                                                           dL:    2.40
                                                           dm:    0.92
                                                           dx:    0.03
Iteration 10
	model frequencies (percent)
	model 1: 28.5| model 2: 71.5| model 3: 0.0| 
                                                           dL:    1.72
                                                           dm:    0.75
                                                           dx:    0.04
Iteration 11
	model frequencies (percent)
	model 1: 27.8| model 2: 72.2| model 3: 0.0| 
                                                           dL:    1.41
                                                           dm:    0.63
                                                           dx:    0.03
Iteration 12
	model frequencies (percent)
	model 1: 27.3| model 2: 72.7| model 3: 0.0| 
                                                           dL:    1.51
                                                           dm:    0.55
                                                           dx:    0.03
Iteration 13
	model frequencies (percent)
	model 1: 26.5| model 2: 73.5| model 3: 0.0| 
                                                           dL:    1.14
                                                           dm:    0.78
                                                           dx:    0.03
Iteration 14
	model frequencies (percent)
	model 1: 25.9| model 2: 74.1| model 3: 0.0| 
                                                           dL:    1.05
                                                           dm:    0.55
                                                           dx:    0.03
Iteration 15
	model frequencies (percent)
	model 1: 25.5| model 2: 74.5| model 3: 0.0| 
                                                           dL:    0.99
                                                           dm:    0.44
                                                           dx:    0.03
Iteration 16
	model frequencies (percent)
	model 1: 25.1| model 2: 74.9| model 3: 0.0| 
                                                           dL:    0.85
                                                           dm:    0.35
                                                           dx:    0.03
Iteration 17
	model frequencies (percent)
	model 1: 24.8| model 2: 75.2| model 3: 0.0| 
                                                           dL:    0.77
                                                           dm:    0.37
                                                           dx:    0.03
Iteration 18
	model frequencies (percent)
	model 1: 24.4| model 2: 75.6| model 3: 0.0| 
                                                           dL:    0.71
                                                           dm:    0.36
                                                           dx:    0.02
Iteration 19
	model frequencies (percent)
	model 1: 24.1| model 2: 75.9| model 3: 0.0| 
                                                           dL:    0.65
                                                           dm:    0.30
                                                           dx:    0.02
Iteration 20
	model frequencies (percent)
	model 1: 23.8| model 2: 76.2| model 3: 0.0| 
                                                           dL:    0.59
                                                           dm:    0.26
                                                           dx:    0.02
Iteration 21
