cbm_hbi_hbi                                       19-May-2024 15:00:42
Running hierarchical bayesian inference (HBI)...

HBI has been initialized according to
	cbm_lap_output/lap_threeB_oneQ_CF [for model 1]
	cbm_lap_output/lap_fourB_oneQ_CF [for model 2]
 
Number of samples: 73
Number of models: 2
======================================================================
Iteration 01
Iteration 02
	model frequencies (percent)
	model 1: 36.6| model 2: 63.4| 
                                                           dL:  158.70
                                                           dm:   36.60
                                                           dx:    0.92
Iteration 03
	model frequencies (percent)
	model 1: 30.1| model 2: 69.9| 
                                                           dL:   38.30
                                                           dm:    6.50
                                                           dx:    0.37
Iteration 04
	model frequencies (percent)
	model 1: 27.7| model 2: 72.3| 
                                                           dL:   16.11
                                                           dm:    2.43
                                                           dx:    0.18
Iteration 05
	model frequencies (percent)
	model 1: 27.2| model 2: 72.8| 
                                                           dL:    8.51
                                                           dm:    0.43
                                                           dx:    0.15
Iteration 06
	model frequencies (percent)
	model 1: 27.6| model 2: 72.4| 
                                                           dL:    5.32
                                                           dm:    0.36
                                                           dx:    0.12
Iteration 07
	model frequencies (percent)
	model 1: 28.2| model 2: 71.8| 
                                                           dL:    3.60
                                                           dm:    0.63
                                                           dx:    0.10
Iteration 08
	model frequencies (percent)
	model 1: 29.1| model 2: 70.9| 
                                                           dL:    2.34
                                                           dm:    0.83
                                                           dx:    0.08
Iteration 09
	model frequencies (percent)
	model 1: 29.7| model 2: 70.3| 
                                                           dL:    1.68
                                                           dm:    0.59
                                                           dx:    0.06
Iteration 10
	model frequencies (percent)
	model 1: 30.1| model 2: 69.9| 
                                                           dL:    1.30
                                                           dm:    0.42
                                                           dx:    0.04
Iteration 11
	model frequencies (percent)
	model 1: 30.4| model 2: 69.6| 
                                                           dL:    1.05
                                                           dm:    0.29
                                                           dx:    0.03
Iteration 12
	model frequencies (percent)
	model 1: 30.6| model 2: 69.4| 
                                                           dL:    0.89
                                                           dm:    0.20
                                                           dx:    0.03
Iteration 13
	model frequencies (percent)
	model 1: 30.7| model 2: 69.3| 
                                                           dL:    0.78
                                                           dm:    0.14
                                                           dx:    0.02
Iteration 14
	model frequencies (percent)
	model 1: 30.8| model 2: 69.2| 
                                                           dL:    0.75
                                                           dm:    0.08
                                                           dx:    0.02
Iteration 15
	model frequencies (percent)
	model 1: 30.8| model 2: 69.2| 
                                                           dL:    0.49
                                                           dm:    0.04
                                                           dx:    0.03
Iteration 16
	model frequencies (percent)
	model 1: 30.9| model 2: 69.1| 
                                                           dL:    0.29
                                                           dm:    0.07
                                                           dx:    0.02
Iteration 17
	model frequencies (percent)
	model 1: 31.0| model 2: 69.0| 
                                                           dL:    0.39
                                                           dm:    0.12
                                                           dx:    0.01
Iteration 18
	model frequencies (percent)
	model 1: 31.1| model 2: 68.9| 
                                                           dL:    0.34
                                                           dm:    0.07
                                                           dx:    0.01
Iteration 19
	model frequencies (percent)
	model 1: 31.1| model 2: 68.9| 
                                                           dL:    0.29
                                                           dm:    0.05
                                                           dx:    0.01
                                                          Converged :]
